/home/rajath/ROS_Workshop/ros2_keyboar_led_control/install/keyboard_node/lib/python3.12/site-packages/keyboard_node/__init__.py
/home/rajath/ROS_Workshop/ros2_keyboar_led_control/install/keyboard_node/lib/python3.12/site-packages/keyboard_node/status_display_node.py
/home/rajath/ROS_Workshop/ros2_keyboar_led_control/install/keyboard_node/lib/python3.12/site-packages/keyboard_node/udp_sender_node.py
/home/rajath/ROS_Workshop/ros2_keyboar_led_control/install/keyboard_node/lib/python3.12/site-packages/keyboard_node/keyboard_input_node.py
/home/rajath/ROS_Workshop/ros2_keyboar_led_control/install/keyboard_node/lib/python3.12/site-packages/keyboard_node/__pycache__/__init__.cpython-312.pyc
/home/rajath/ROS_Workshop/ros2_keyboar_led_control/install/keyboard_node/lib/python3.12/site-packages/keyboard_node/__pycache__/status_display_node.cpython-312.pyc
/home/rajath/ROS_Workshop/ros2_keyboar_led_control/install/keyboard_node/lib/python3.12/site-packages/keyboard_node/__pycache__/udp_sender_node.cpython-312.pyc
/home/rajath/ROS_Workshop/ros2_keyboar_led_control/install/keyboard_node/lib/python3.12/site-packages/keyboard_node/__pycache__/keyboard_input_node.cpython-312.pyc
/home/rajath/ROS_Workshop/ros2_keyboar_led_control/install/keyboard_node/share/ament_index/resource_index/packages/keyboard_node
/home/rajath/ROS_Workshop/ros2_keyboar_led_control/install/keyboard_node/share/keyboard_node/package.xml
/home/rajath/ROS_Workshop/ros2_keyboar_led_control/install/keyboard_node/lib/python3.12/site-packages/keyboard_node-0.0.0-py3.12.egg-info/zip-safe
/home/rajath/ROS_Workshop/ros2_keyboar_led_control/install/keyboard_node/lib/python3.12/site-packages/keyboard_node-0.0.0-py3.12.egg-info/top_level.txt
/home/rajath/ROS_Workshop/ros2_keyboar_led_control/install/keyboard_node/lib/python3.12/site-packages/keyboard_node-0.0.0-py3.12.egg-info/requires.txt
/home/rajath/ROS_Workshop/ros2_keyboar_led_control/install/keyboard_node/lib/python3.12/site-packages/keyboard_node-0.0.0-py3.12.egg-info/PKG-INFO
/home/rajath/ROS_Workshop/ros2_keyboar_led_control/install/keyboard_node/lib/python3.12/site-packages/keyboard_node-0.0.0-py3.12.egg-info/entry_points.txt
/home/rajath/ROS_Workshop/ros2_keyboar_led_control/install/keyboard_node/lib/python3.12/site-packages/keyboard_node-0.0.0-py3.12.egg-info/dependency_links.txt
/home/rajath/ROS_Workshop/ros2_keyboar_led_control/install/keyboard_node/lib/python3.12/site-packages/keyboard_node-0.0.0-py3.12.egg-info/SOURCES.txt
/home/rajath/ROS_Workshop/ros2_keyboar_led_control/install/keyboard_node/lib/keyboard_node/keyboard_input_node
/home/rajath/ROS_Workshop/ros2_keyboar_led_control/install/keyboard_node/lib/keyboard_node/status_display_node
/home/rajath/ROS_Workshop/ros2_keyboar_led_control/install/keyboard_node/lib/keyboard_node/udp_sender_node
