[0.346s] DEBUG:colcon:Command line arguments: ['/usr/bin/colcon', 'build', '--packages-select', 'keyboard_node']
[0.346s] DEBUG:colcon:Parsed command line arguments: Namespace(log_base=None, log_level=None, verb_name='build', build_base='build', install_base='install', merge_install=False, symlink_install=False, test_result_base=None, continue_on_error=False, executor='parallel', parallel_workers=4, event_handlers=None, ignore_user_meta=False, metas=['./colcon.meta'], base_paths=['.'], packages_ignore=None, packages_ignore_regex=None, paths=None, packages_up_to=None, packages_up_to_regex=None, packages_above=None, packages_above_and_dependencies=None, packages_above_depth=None, packages_select_by_dep=None, packages_skip_by_dep=None, packages_skip_up_to=None, packages_select_build_failed=False, packages_skip_build_finished=False, packages_select_test_failures=False, packages_skip_test_passed=False, packages_select=['keyboard_node'], packages_skip=None, packages_select_regex=None, packages_skip_regex=None, packages_start=None, packages_end=None, allow_overriding=[], cmake_args=None, cmake_target=None, cmake_target_skip_unavailable=False, cmake_clean_cache=False, cmake_clean_first=False, cmake_force_configure=False, ament_cmake_args=None, catkin_cmake_args=None, catkin_skip_building_tests=False, mixin_files=None, mixin=None, verb_parser=<colcon_mixin.mixin.mixin_argument.MixinArgumentDecorator object at 0x7a700caa59a0>, verb_extension=<colcon_core.verb.build.BuildVerb object at 0x7a700cbca360>, main=<bound method BuildVerb.main of <colcon_core.verb.build.BuildVerb object at 0x7a700cbca360>>, mixin_verb=('build',))
[0.448s] Level 1:colcon.colcon_core.package_discovery:discover_packages(colcon_meta) check parameters
[0.449s] Level 1:colcon.colcon_core.package_discovery:discover_packages(recursive) check parameters
[0.449s] Level 1:colcon.colcon_core.package_discovery:discover_packages(ignore) check parameters
[0.449s] Level 1:colcon.colcon_core.package_discovery:discover_packages(path) check parameters
[0.449s] Level 1:colcon.colcon_core.package_discovery:discover_packages(colcon_meta) discover
[0.449s] Level 1:colcon.colcon_core.package_discovery:discover_packages(recursive) discover
[0.449s] INFO:colcon.colcon_core.package_discovery:Crawling recursively for packages in '/home/rajath/ROS_Workshop/ros2_keyboar_led_control'
[0.449s] Level 1:colcon.colcon_core.package_identification:_identify(.) by extensions ['ignore', 'ignore_ament_install']
[0.449s] Level 1:colcon.colcon_core.package_identification:_identify(.) by extension 'ignore'
[0.449s] Level 1:colcon.colcon_core.package_identification:_identify(.) by extension 'ignore_ament_install'
[0.449s] Level 1:colcon.colcon_core.package_identification:_identify(.) by extensions ['colcon_pkg']
[0.450s] Level 1:colcon.colcon_core.package_identification:_identify(.) by extension 'colcon_pkg'
[0.450s] Level 1:colcon.colcon_core.package_identification:_identify(.) by extensions ['colcon_meta']
[0.450s] Level 1:colcon.colcon_core.package_identification:_identify(.) by extension 'colcon_meta'
[0.450s] Level 1:colcon.colcon_core.package_identification:_identify(.) by extensions ['ros']
[0.450s] Level 1:colcon.colcon_core.package_identification:_identify(.) by extension 'ros'
[0.542s] Level 1:colcon.colcon_core.package_identification:_identify(.) by extensions ['cmake', 'python']
[0.542s] Level 1:colcon.colcon_core.package_identification:_identify(.) by extension 'cmake'
[0.542s] Level 1:colcon.colcon_core.package_identification:_identify(.) by extension 'python'
[0.542s] Level 1:colcon.colcon_core.package_identification:_identify(.) by extensions ['python_setup_py']
[0.542s] Level 1:colcon.colcon_core.package_identification:_identify(.) by extension 'python_setup_py'
[0.543s] Level 1:colcon.colcon_core.package_identification:_identify(build) by extensions ['ignore', 'ignore_ament_install']
[0.543s] Level 1:colcon.colcon_core.package_identification:_identify(build) by extension 'ignore'
[0.543s] Level 1:colcon.colcon_core.package_identification:_identify(build) ignored
[0.544s] Level 1:colcon.colcon_core.package_identification:_identify(install) by extensions ['ignore', 'ignore_ament_install']
[0.544s] Level 1:colcon.colcon_core.package_identification:_identify(install) by extension 'ignore'
[0.544s] Level 1:colcon.colcon_core.package_identification:_identify(install) ignored
[0.544s] Level 1:colcon.colcon_core.package_identification:_identify(log) by extensions ['ignore', 'ignore_ament_install']
[0.544s] Level 1:colcon.colcon_core.package_identification:_identify(log) by extension 'ignore'
[0.545s] Level 1:colcon.colcon_core.package_identification:_identify(log) ignored
[0.545s] Level 1:colcon.colcon_core.package_identification:_identify(src) by extensions ['ignore', 'ignore_ament_install']
[0.545s] Level 1:colcon.colcon_core.package_identification:_identify(src) by extension 'ignore'
[0.545s] Level 1:colcon.colcon_core.package_identification:_identify(src) by extension 'ignore_ament_install'
[0.546s] Level 1:colcon.colcon_core.package_identification:_identify(src) by extensions ['colcon_pkg']
[0.546s] Level 1:colcon.colcon_core.package_identification:_identify(src) by extension 'colcon_pkg'
[0.546s] Level 1:colcon.colcon_core.package_identification:_identify(src) by extensions ['colcon_meta']
[0.546s] Level 1:colcon.colcon_core.package_identification:_identify(src) by extension 'colcon_meta'
[0.546s] Level 1:colcon.colcon_core.package_identification:_identify(src) by extensions ['ros']
[0.546s] Level 1:colcon.colcon_core.package_identification:_identify(src) by extension 'ros'
[0.547s] Level 1:colcon.colcon_core.package_identification:_identify(src) by extensions ['cmake', 'python']
[0.547s] Level 1:colcon.colcon_core.package_identification:_identify(src) by extension 'cmake'
[0.547s] Level 1:colcon.colcon_core.package_identification:_identify(src) by extension 'python'
[0.548s] Level 1:colcon.colcon_core.package_identification:_identify(src) by extensions ['python_setup_py']
[0.548s] Level 1:colcon.colcon_core.package_identification:_identify(src) by extension 'python_setup_py'
[0.549s] Level 1:colcon.colcon_core.package_identification:_identify(src/keyboard_node) by extensions ['ignore', 'ignore_ament_install']
[0.550s] Level 1:colcon.colcon_core.package_identification:_identify(src/keyboard_node) by extension 'ignore'
[0.551s] Level 1:colcon.colcon_core.package_identification:_identify(src/keyboard_node) by extension 'ignore_ament_install'
[0.551s] Level 1:colcon.colcon_core.package_identification:_identify(src/keyboard_node) by extensions ['colcon_pkg']
[0.551s] Level 1:colcon.colcon_core.package_identification:_identify(src/keyboard_node) by extension 'colcon_pkg'
[0.551s] Level 1:colcon.colcon_core.package_identification:_identify(src/keyboard_node) by extensions ['colcon_meta']
[0.552s] Level 1:colcon.colcon_core.package_identification:_identify(src/keyboard_node) by extension 'colcon_meta'
[0.552s] Level 1:colcon.colcon_core.package_identification:_identify(src/keyboard_node) by extensions ['ros']
[0.552s] Level 1:colcon.colcon_core.package_identification:_identify(src/keyboard_node) by extension 'ros'
[0.562s] DEBUG:colcon.colcon_core.package_identification:Package 'src/keyboard_node' with type 'ros.ament_python' and name 'keyboard_node'
[0.562s] Level 1:colcon.colcon_core.package_discovery:discover_packages(recursive) using defaults
[0.563s] Level 1:colcon.colcon_core.package_discovery:discover_packages(ignore) discover
[0.563s] Level 1:colcon.colcon_core.package_discovery:discover_packages(ignore) using defaults
[0.563s] Level 1:colcon.colcon_core.package_discovery:discover_packages(path) discover
[0.563s] Level 1:colcon.colcon_core.package_discovery:discover_packages(path) using defaults
[0.628s] Level 1:colcon.colcon_core.package_discovery:discover_packages(prefix_path) check parameters
[0.628s] Level 1:colcon.colcon_core.package_discovery:discover_packages(prefix_path) discover
[0.639s] DEBUG:colcon.colcon_installed_package_information.package_discovery:Found 355 installed packages in /opt/ros/jazzy
[0.645s] Level 1:colcon.colcon_core.package_discovery:discover_packages(prefix_path) using defaults
[0.799s] Level 5:colcon.colcon_core.verb:set package 'keyboard_node' build argument 'cmake_args' from command line to 'None'
[0.799s] Level 5:colcon.colcon_core.verb:set package 'keyboard_node' build argument 'cmake_target' from command line to 'None'
[0.800s] Level 5:colcon.colcon_core.verb:set package 'keyboard_node' build argument 'cmake_target_skip_unavailable' from command line to 'False'
[0.800s] Level 5:colcon.colcon_core.verb:set package 'keyboard_node' build argument 'cmake_clean_cache' from command line to 'False'
[0.800s] Level 5:colcon.colcon_core.verb:set package 'keyboard_node' build argument 'cmake_clean_first' from command line to 'False'
[0.800s] Level 5:colcon.colcon_core.verb:set package 'keyboard_node' build argument 'cmake_force_configure' from command line to 'False'
[0.800s] Level 5:colcon.colcon_core.verb:set package 'keyboard_node' build argument 'ament_cmake_args' from command line to 'None'
[0.800s] Level 5:colcon.colcon_core.verb:set package 'keyboard_node' build argument 'catkin_cmake_args' from command line to 'None'
[0.800s] Level 5:colcon.colcon_core.verb:set package 'keyboard_node' build argument 'catkin_skip_building_tests' from command line to 'False'
[0.800s] DEBUG:colcon.colcon_core.verb:Building package 'keyboard_node' with the following arguments: {'ament_cmake_args': None, 'build_base': '/home/rajath/ROS_Workshop/ros2_keyboar_led_control/build/keyboard_node', 'catkin_cmake_args': None, 'catkin_skip_building_tests': False, 'cmake_args': None, 'cmake_clean_cache': False, 'cmake_clean_first': False, 'cmake_force_configure': False, 'cmake_target': None, 'cmake_target_skip_unavailable': False, 'install_base': '/home/rajath/ROS_Workshop/ros2_keyboar_led_control/install/keyboard_node', 'merge_install': False, 'path': '/home/rajath/ROS_Workshop/ros2_keyboar_led_control/src/keyboard_node', 'symlink_install': False, 'test_result_base': None}
[0.800s] INFO:colcon.colcon_core.executor:Executing jobs using 'parallel' executor
[0.802s] DEBUG:colcon.colcon_parallel_executor.executor.parallel:run_until_complete
[0.802s] INFO:colcon.colcon_ros.task.ament_python.build:Building ROS package in '/home/rajath/ROS_Workshop/ros2_keyboar_led_control/src/keyboard_node' with build type 'ament_python'
[0.802s] Level 1:colcon.colcon_core.shell:create_environment_hook('keyboard_node', 'ament_prefix_path')
[0.807s] INFO:colcon.colcon_core.plugin_system:Skipping extension 'colcon_core.shell.bat': Not used on non-Windows systems
[0.808s] INFO:colcon.colcon_core.shell:Creating environment hook '/home/rajath/ROS_Workshop/ros2_keyboar_led_control/install/keyboard_node/share/keyboard_node/hook/ament_prefix_path.ps1'
[0.811s] INFO:colcon.colcon_core.shell:Creating environment descriptor '/home/rajath/ROS_Workshop/ros2_keyboar_led_control/install/keyboard_node/share/keyboard_node/hook/ament_prefix_path.dsv'
[0.812s] INFO:colcon.colcon_core.shell:Creating environment hook '/home/rajath/ROS_Workshop/ros2_keyboar_led_control/install/keyboard_node/share/keyboard_node/hook/ament_prefix_path.sh'
[0.814s] INFO:colcon.colcon_core.shell:Skip shell extension 'powershell' for command environment: Not usable outside of PowerShell
[0.814s] DEBUG:colcon.colcon_core.shell:Skip shell extension 'dsv' for command environment
[1.392s] INFO:colcon.colcon_core.task.python.build:Building Python package in '/home/rajath/ROS_Workshop/ros2_keyboar_led_control/src/keyboard_node'
[1.392s] INFO:colcon.colcon_core.shell:Skip shell extension 'powershell' for command environment: Not usable outside of PowerShell
[1.392s] DEBUG:colcon.colcon_core.shell:Skip shell extension 'dsv' for command environment
[3.826s] DEBUG:colcon.colcon_core.event_handler.log_command:Invoking command in '/home/rajath/ROS_Workshop/ros2_keyboar_led_control/src/keyboard_node': DEBUGINFOD_URLS=https://debuginfod.ubuntu.com PYTHONPATH=/home/rajath/ROS_Workshop/ros2_keyboar_led_control/build/keyboard_node/prefix_override:/usr/lib/python3/dist-packages/colcon_core/task/python/colcon_distutils_commands:/home/rajath/ROS_Workshop/ros2_keyboar_led_control/install/keyboard_node/lib/python3.12/site-packages:${PYTHONPATH} /usr/bin/python3 -W ignore:setup.py install is deprecated -W ignore:easy_install command is deprecated setup.py egg_info --egg-base ../../build/keyboard_node build --build-base /home/rajath/ROS_Workshop/ros2_keyboar_led_control/build/keyboard_node/build install --record /home/rajath/ROS_Workshop/ros2_keyboar_led_control/build/keyboard_node/install.log --single-version-externally-managed install_data
[5.831s] DEBUG:colcon.colcon_core.event_handler.log_command:Invoked command in '/home/rajath/ROS_Workshop/ros2_keyboar_led_control/src/keyboard_node' returned '0': DEBUGINFOD_URLS=https://debuginfod.ubuntu.com PYTHONPATH=/home/rajath/ROS_Workshop/ros2_keyboar_led_control/build/keyboard_node/prefix_override:/usr/lib/python3/dist-packages/colcon_core/task/python/colcon_distutils_commands:/home/rajath/ROS_Workshop/ros2_keyboar_led_control/install/keyboard_node/lib/python3.12/site-packages:${PYTHONPATH} /usr/bin/python3 -W ignore:setup.py install is deprecated -W ignore:easy_install command is deprecated setup.py egg_info --egg-base ../../build/keyboard_node build --build-base /home/rajath/ROS_Workshop/ros2_keyboar_led_control/build/keyboard_node/build install --record /home/rajath/ROS_Workshop/ros2_keyboar_led_control/build/keyboard_node/install.log --single-version-externally-managed install_data
[5.849s] Level 1:colcon.colcon_core.environment:checking '/home/rajath/ROS_Workshop/ros2_keyboar_led_control/install/keyboard_node' for CMake module files
[5.850s] Level 1:colcon.colcon_core.environment:checking '/home/rajath/ROS_Workshop/ros2_keyboar_led_control/install/keyboard_node' for CMake config files
[5.852s] Level 1:colcon.colcon_core.environment:checking '/home/rajath/ROS_Workshop/ros2_keyboar_led_control/install/keyboard_node/lib'
[5.852s] Level 1:colcon.colcon_core.environment:checking '/home/rajath/ROS_Workshop/ros2_keyboar_led_control/install/keyboard_node/bin'
[5.852s] Level 1:colcon.colcon_core.environment:checking '/home/rajath/ROS_Workshop/ros2_keyboar_led_control/install/keyboard_node/lib/pkgconfig/keyboard_node.pc'
[5.852s] Level 1:colcon.colcon_core.environment:checking '/home/rajath/ROS_Workshop/ros2_keyboar_led_control/install/keyboard_node/lib/python3.12/site-packages'
[5.853s] Level 1:colcon.colcon_core.shell:create_environment_hook('keyboard_node', 'pythonpath')
[5.853s] INFO:colcon.colcon_core.shell:Creating environment hook '/home/rajath/ROS_Workshop/ros2_keyboar_led_control/install/keyboard_node/share/keyboard_node/hook/pythonpath.ps1'
[5.854s] INFO:colcon.colcon_core.shell:Creating environment descriptor '/home/rajath/ROS_Workshop/ros2_keyboar_led_control/install/keyboard_node/share/keyboard_node/hook/pythonpath.dsv'
[5.856s] INFO:colcon.colcon_core.shell:Creating environment hook '/home/rajath/ROS_Workshop/ros2_keyboar_led_control/install/keyboard_node/share/keyboard_node/hook/pythonpath.sh'
[5.858s] Level 1:colcon.colcon_core.environment:checking '/home/rajath/ROS_Workshop/ros2_keyboar_led_control/install/keyboard_node/bin'
[5.859s] Level 1:colcon.colcon_core.environment:create_environment_scripts_only(keyboard_node)
[5.859s] INFO:colcon.colcon_core.shell:Creating package script '/home/rajath/ROS_Workshop/ros2_keyboar_led_control/install/keyboard_node/share/keyboard_node/package.ps1'
[5.861s] INFO:colcon.colcon_core.shell:Creating package descriptor '/home/rajath/ROS_Workshop/ros2_keyboar_led_control/install/keyboard_node/share/keyboard_node/package.dsv'
[5.863s] INFO:colcon.colcon_core.shell:Creating package script '/home/rajath/ROS_Workshop/ros2_keyboar_led_control/install/keyboard_node/share/keyboard_node/package.sh'
[5.868s] INFO:colcon.colcon_core.shell:Creating package script '/home/rajath/ROS_Workshop/ros2_keyboar_led_control/install/keyboard_node/share/keyboard_node/package.bash'
[5.873s] INFO:colcon.colcon_core.shell:Creating package script '/home/rajath/ROS_Workshop/ros2_keyboar_led_control/install/keyboard_node/share/keyboard_node/package.zsh'
[5.875s] Level 1:colcon.colcon_core.environment:create_file_with_runtime_dependencies(/home/rajath/ROS_Workshop/ros2_keyboar_led_control/install/keyboard_node/share/colcon-core/packages/keyboard_node)
[5.877s] DEBUG:colcon.colcon_parallel_executor.executor.parallel:closing loop
[5.882s] DEBUG:colcon.colcon_parallel_executor.executor.parallel:loop closed
[5.883s] DEBUG:colcon.colcon_parallel_executor.executor.parallel:run_until_complete finished with '0'
[5.884s] DEBUG:colcon.colcon_core.event_reactor:joining thread
[5.926s] INFO:colcon.colcon_core.plugin_system:Skipping extension 'colcon_notification.desktop_notification.terminal_notifier': Not used on non-Darwin systems
[5.926s] INFO:colcon.colcon_core.plugin_system:Skipping extension 'colcon_notification.desktop_notification.win32': Not used on non-Windows systems
[5.927s] INFO:colcon.colcon_notification.desktop_notification:Sending desktop notification using 'notify2'
[5.973s] DEBUG:colcon.colcon_core.event_reactor:joined thread
[5.975s] INFO:colcon.colcon_core.shell:Creating prefix script '/home/rajath/ROS_Workshop/ros2_keyboar_led_control/install/local_setup.ps1'
[5.978s] INFO:colcon.colcon_core.shell:Creating prefix util module '/home/rajath/ROS_Workshop/ros2_keyboar_led_control/install/_local_setup_util_ps1.py'
[5.982s] INFO:colcon.colcon_core.shell:Creating prefix chain script '/home/rajath/ROS_Workshop/ros2_keyboar_led_control/install/setup.ps1'
[5.984s] INFO:colcon.colcon_core.shell:Creating prefix script '/home/rajath/ROS_Workshop/ros2_keyboar_led_control/install/local_setup.sh'
[5.986s] INFO:colcon.colcon_core.shell:Creating prefix util module '/home/rajath/ROS_Workshop/ros2_keyboar_led_control/install/_local_setup_util_sh.py'
[5.989s] INFO:colcon.colcon_core.shell:Creating prefix chain script '/home/rajath/ROS_Workshop/ros2_keyboar_led_control/install/setup.sh'
[5.990s] INFO:colcon.colcon_core.shell:Creating prefix script '/home/rajath/ROS_Workshop/ros2_keyboar_led_control/install/local_setup.bash'
[5.992s] INFO:colcon.colcon_core.shell:Creating prefix chain script '/home/rajath/ROS_Workshop/ros2_keyboar_led_control/install/setup.bash'
[5.998s] INFO:colcon.colcon_core.shell:Creating prefix script '/home/rajath/ROS_Workshop/ros2_keyboar_led_control/install/local_setup.zsh'
[6.002s] INFO:colcon.colcon_core.shell:Creating prefix chain script '/home/rajath/ROS_Workshop/ros2_keyboar_led_control/install/setup.zsh'
