[3.023s] Invoking command in '/home/rajath/ROS_Workshop/ros2_keyboar_led_control/src/keyboard_node': DEBUGINFOD_URLS=https://debuginfod.ubuntu.com PYTHONPATH=/home/rajath/ROS_Workshop/ros2_keyboar_led_control/build/keyboard_node/prefix_override:/usr/lib/python3/dist-packages/colcon_core/task/python/colcon_distutils_commands:/home/rajath/ROS_Workshop/ros2_keyboar_led_control/install/keyboard_node/lib/python3.12/site-packages:${PYTHONPATH} /usr/bin/python3 -W ignore:setup.py install is deprecated -W ignore:easy_install command is deprecated setup.py egg_info --egg-base ../../build/keyboard_node build --build-base /home/rajath/ROS_Workshop/ros2_keyboar_led_control/build/keyboard_node/build install --record /home/rajath/ROS_Workshop/ros2_keyboar_led_control/build/keyboard_node/install.log --single-version-externally-managed install_data
[3.969s] running egg_info
[3.975s] creating ../../build/keyboard_node/keyboard_node.egg-info
[4.045s] writing ../../build/keyboard_node/keyboard_node.egg-info/PKG-INFO
[4.046s] writing dependency_links to ../../build/keyboard_node/keyboard_node.egg-info/dependency_links.txt
[4.048s] writing entry points to ../../build/keyboard_node/keyboard_node.egg-info/entry_points.txt
[4.050s] writing requirements to ../../build/keyboard_node/keyboard_node.egg-info/requires.txt
[4.051s] writing top-level names to ../../build/keyboard_node/keyboard_node.egg-info/top_level.txt
[4.052s] writing manifest file '../../build/keyboard_node/keyboard_node.egg-info/SOURCES.txt'
[4.228s] reading manifest file '../../build/keyboard_node/keyboard_node.egg-info/SOURCES.txt'
[4.230s] writing manifest file '../../build/keyboard_node/keyboard_node.egg-info/SOURCES.txt'
[4.230s] running build
[4.231s] running build_py
[4.231s] creating /home/rajath/ROS_Workshop/ros2_keyboar_led_control/build/keyboard_node/build
[4.232s] creating /home/rajath/ROS_Workshop/ros2_keyboar_led_control/build/keyboard_node/build/lib
[4.233s] creating /home/rajath/ROS_Workshop/ros2_keyboar_led_control/build/keyboard_node/build/lib/keyboard_node
[4.234s] copying keyboard_node/__init__.py -> /home/rajath/ROS_Workshop/ros2_keyboar_led_control/build/keyboard_node/build/lib/keyboard_node
[4.234s] copying keyboard_node/status_display_node.py -> /home/rajath/ROS_Workshop/ros2_keyboar_led_control/build/keyboard_node/build/lib/keyboard_node
[4.234s] copying keyboard_node/udp_sender_node.py -> /home/rajath/ROS_Workshop/ros2_keyboar_led_control/build/keyboard_node/build/lib/keyboard_node
[4.235s] copying keyboard_node/keyboard_input_node.py -> /home/rajath/ROS_Workshop/ros2_keyboar_led_control/build/keyboard_node/build/lib/keyboard_node
[4.235s] running install
[4.251s] running install_lib
[4.333s] creating /home/rajath/ROS_Workshop/ros2_keyboar_led_control/install/keyboard_node/lib/python3.12/site-packages/keyboard_node
[4.334s] copying /home/rajath/ROS_Workshop/ros2_keyboar_led_control/build/keyboard_node/build/lib/keyboard_node/__init__.py -> /home/rajath/ROS_Workshop/ros2_keyboar_led_control/install/keyboard_node/lib/python3.12/site-packages/keyboard_node
[4.335s] copying /home/rajath/ROS_Workshop/ros2_keyboar_led_control/build/keyboard_node/build/lib/keyboard_node/status_display_node.py -> /home/rajath/ROS_Workshop/ros2_keyboar_led_control/install/keyboard_node/lib/python3.12/site-packages/keyboard_node
[4.337s] copying /home/rajath/ROS_Workshop/ros2_keyboar_led_control/build/keyboard_node/build/lib/keyboard_node/udp_sender_node.py -> /home/rajath/ROS_Workshop/ros2_keyboar_led_control/install/keyboard_node/lib/python3.12/site-packages/keyboard_node
[4.340s] copying /home/rajath/ROS_Workshop/ros2_keyboar_led_control/build/keyboard_node/build/lib/keyboard_node/keyboard_input_node.py -> /home/rajath/ROS_Workshop/ros2_keyboar_led_control/install/keyboard_node/lib/python3.12/site-packages/keyboard_node
[4.341s] byte-compiling /home/rajath/ROS_Workshop/ros2_keyboar_led_control/install/keyboard_node/lib/python3.12/site-packages/keyboard_node/__init__.py to __init__.cpython-312.pyc
[4.341s] byte-compiling /home/rajath/ROS_Workshop/ros2_keyboar_led_control/install/keyboard_node/lib/python3.12/site-packages/keyboard_node/status_display_node.py to status_display_node.cpython-312.pyc
[4.345s] byte-compiling /home/rajath/ROS_Workshop/ros2_keyboar_led_control/install/keyboard_node/lib/python3.12/site-packages/keyboard_node/udp_sender_node.py to udp_sender_node.cpython-312.pyc
[4.347s] byte-compiling /home/rajath/ROS_Workshop/ros2_keyboar_led_control/install/keyboard_node/lib/python3.12/site-packages/keyboard_node/keyboard_input_node.py to keyboard_input_node.cpython-312.pyc
[4.355s] running install_data
[4.357s] creating /home/rajath/ROS_Workshop/ros2_keyboar_led_control/install/keyboard_node/share/ament_index
[4.357s] creating /home/rajath/ROS_Workshop/ros2_keyboar_led_control/install/keyboard_node/share/ament_index/resource_index
[4.359s] creating /home/rajath/ROS_Workshop/ros2_keyboar_led_control/install/keyboard_node/share/ament_index/resource_index/packages
[4.364s] copying resource/keyboard_node -> /home/rajath/ROS_Workshop/ros2_keyboar_led_control/install/keyboard_node/share/ament_index/resource_index/packages
[4.367s] copying package.xml -> /home/rajath/ROS_Workshop/ros2_keyboar_led_control/install/keyboard_node/share/keyboard_node
[4.368s] running install_egg_info
[4.450s] Copying ../../build/keyboard_node/keyboard_node.egg-info to /home/rajath/ROS_Workshop/ros2_keyboar_led_control/install/keyboard_node/lib/python3.12/site-packages/keyboard_node-0.0.0-py3.12.egg-info
[4.454s] running install_scripts
[4.923s] Installing keyboard_input_node script to /home/rajath/ROS_Workshop/ros2_keyboar_led_control/install/keyboard_node/lib/keyboard_node
[4.923s] Installing status_display_node script to /home/rajath/ROS_Workshop/ros2_keyboar_led_control/install/keyboard_node/lib/keyboard_node
[4.925s] Installing udp_sender_node script to /home/rajath/ROS_Workshop/ros2_keyboar_led_control/install/keyboard_node/lib/keyboard_node
[4.925s] writing list of installed files to '/home/rajath/ROS_Workshop/ros2_keyboar_led_control/build/keyboard_node/install.log'
[5.029s] Invoked command in '/home/rajath/ROS_Workshop/ros2_keyboar_led_control/src/keyboard_node' returned '0': DEBUGINFOD_URLS=https://debuginfod.ubuntu.com PYTHONPATH=/home/rajath/ROS_Workshop/ros2_keyboar_led_control/build/keyboard_node/prefix_override:/usr/lib/python3/dist-packages/colcon_core/task/python/colcon_distutils_commands:/home/rajath/ROS_Workshop/ros2_keyboar_led_control/install/keyboard_node/lib/python3.12/site-packages:${PYTHONPATH} /usr/bin/python3 -W ignore:setup.py install is deprecated -W ignore:easy_install command is deprecated setup.py egg_info --egg-base ../../build/keyboard_node build --build-base /home/rajath/ROS_Workshop/ros2_keyboar_led_control/build/keyboard_node/build install --record /home/rajath/ROS_Workshop/ros2_keyboar_led_control/build/keyboard_node/install.log --single-version-externally-managed install_data
