running egg_info
creating ../../build/udp_led_bridge/udp_led_bridge.egg-info
writing ../../build/udp_led_bridge/udp_led_bridge.egg-info/PKG-INFO
writing dependency_links to ../../build/udp_led_bridge/udp_led_bridge.egg-info/dependency_links.txt
writing entry points to ../../build/udp_led_bridge/udp_led_bridge.egg-info/entry_points.txt
writing requirements to ../../build/udp_led_bridge/udp_led_bridge.egg-info/requires.txt
writing top-level names to ../../build/udp_led_bridge/udp_led_bridge.egg-info/top_level.txt
writing manifest file '../../build/udp_led_bridge/udp_led_bridge.egg-info/SOURCES.txt'
reading manifest file '../../build/udp_led_bridge/udp_led_bridge.egg-info/SOURCES.txt'
writing manifest file '../../build/udp_led_bridge/udp_led_bridge.egg-info/SOURCES.txt'
running build
running build_py
creating /home/rajath/ROS_Workshop/ros2_my_own_ws/build/udp_led_bridge/build
creating /home/rajath/ROS_Workshop/ros2_my_own_ws/build/udp_led_bridge/build/lib
creating /home/rajath/ROS_Workshop/ros2_my_own_ws/build/udp_led_bridge/build/lib/udp_led_bridge
copying udp_led_bridge/__init__.py -> /home/rajath/ROS_Workshop/ros2_my_own_ws/build/udp_led_bridge/build/lib/udp_led_bridge
copying udp_led_bridge/udp_sender_node.py -> /home/rajath/ROS_Workshop/ros2_my_own_ws/build/udp_led_bridge/build/lib/udp_led_bridge
running install
running install_lib
creating /home/rajath/ROS_Workshop/ros2_my_own_ws/install/udp_led_bridge/lib/python3.12/site-packages/udp_led_bridge
copying /home/rajath/ROS_Workshop/ros2_my_own_ws/build/udp_led_bridge/build/lib/udp_led_bridge/__init__.py -> /home/rajath/ROS_Workshop/ros2_my_own_ws/install/udp_led_bridge/lib/python3.12/site-packages/udp_led_bridge
copying /home/rajath/ROS_Workshop/ros2_my_own_ws/build/udp_led_bridge/build/lib/udp_led_bridge/udp_sender_node.py -> /home/rajath/ROS_Workshop/ros2_my_own_ws/install/udp_led_bridge/lib/python3.12/site-packages/udp_led_bridge
byte-compiling /home/rajath/ROS_Workshop/ros2_my_own_ws/install/udp_led_bridge/lib/python3.12/site-packages/udp_led_bridge/__init__.py to __init__.cpython-312.pyc
byte-compiling /home/rajath/ROS_Workshop/ros2_my_own_ws/install/udp_led_bridge/lib/python3.12/site-packages/udp_led_bridge/udp_sender_node.py to udp_sender_node.cpython-312.pyc
running install_data
creating /home/rajath/ROS_Workshop/ros2_my_own_ws/install/udp_led_bridge/share/ament_index
creating /home/rajath/ROS_Workshop/ros2_my_own_ws/install/udp_led_bridge/share/ament_index/resource_index
creating /home/rajath/ROS_Workshop/ros2_my_own_ws/install/udp_led_bridge/share/ament_index/resource_index/packages
copying resource/udp_led_bridge -> /home/rajath/ROS_Workshop/ros2_my_own_ws/install/udp_led_bridge/share/ament_index/resource_index/packages
copying package.xml -> /home/rajath/ROS_Workshop/ros2_my_own_ws/install/udp_led_bridge/share/udp_led_bridge
running install_egg_info
Copying ../../build/udp_led_bridge/udp_led_bridge.egg-info to /home/rajath/ROS_Workshop/ros2_my_own_ws/install/udp_led_bridge/lib/python3.12/site-packages/udp_led_bridge-0.0.0-py3.12.egg-info
running install_scripts
Installing udp_sender_node script to /home/rajath/ROS_Workshop/ros2_my_own_ws/install/udp_led_bridge/lib/udp_led_bridge
writing list of installed files to '/home/rajath/ROS_Workshop/ros2_my_own_ws/build/udp_led_bridge/install.log'
