[3.180s] Invoking command in '/home/rajath/ROS_Workshop/ros2_my_own_ws/src/udp_led_bridge': DEBUGINFOD_URLS=https://debuginfod.ubuntu.com PYTHONPATH=/home/rajath/ROS_Workshop/ros2_my_own_ws/build/udp_led_bridge/prefix_override:/usr/lib/python3/dist-packages/colcon_core/task/python/colcon_distutils_commands:/home/rajath/ROS_Workshop/ros2_my_own_ws/install/udp_led_bridge/lib/python3.12/site-packages:${PYTHONPATH} /usr/bin/python3 -W ignore:setup.py install is deprecated -W ignore:easy_install command is deprecated setup.py egg_info --egg-base ../../build/udp_led_bridge build --build-base /home/rajath/ROS_Workshop/ros2_my_own_ws/build/udp_led_bridge/build install --record /home/rajath/ROS_Workshop/ros2_my_own_ws/build/udp_led_bridge/install.log --single-version-externally-managed install_data
[4.202s] running egg_info
[4.204s] creating ../../build/udp_led_bridge/udp_led_bridge.egg-info
[4.254s] writing ../../build/udp_led_bridge/udp_led_bridge.egg-info/PKG-INFO
[4.255s] writing dependency_links to ../../build/udp_led_bridge/udp_led_bridge.egg-info/dependency_links.txt
[4.255s] writing entry points to ../../build/udp_led_bridge/udp_led_bridge.egg-info/entry_points.txt
[4.257s] writing requirements to ../../build/udp_led_bridge/udp_led_bridge.egg-info/requires.txt
[4.260s] writing top-level names to ../../build/udp_led_bridge/udp_led_bridge.egg-info/top_level.txt
[4.260s] writing manifest file '../../build/udp_led_bridge/udp_led_bridge.egg-info/SOURCES.txt'
[4.397s] reading manifest file '../../build/udp_led_bridge/udp_led_bridge.egg-info/SOURCES.txt'
[4.402s] writing manifest file '../../build/udp_led_bridge/udp_led_bridge.egg-info/SOURCES.txt'
[4.403s] running build
[4.403s] running build_py
[4.405s] creating /home/rajath/ROS_Workshop/ros2_my_own_ws/build/udp_led_bridge/build
[4.405s] creating /home/rajath/ROS_Workshop/ros2_my_own_ws/build/udp_led_bridge/build/lib
[4.405s] creating /home/rajath/ROS_Workshop/ros2_my_own_ws/build/udp_led_bridge/build/lib/udp_led_bridge
[4.406s] copying udp_led_bridge/__init__.py -> /home/rajath/ROS_Workshop/ros2_my_own_ws/build/udp_led_bridge/build/lib/udp_led_bridge
[4.406s] copying udp_led_bridge/udp_sender_node.py -> /home/rajath/ROS_Workshop/ros2_my_own_ws/build/udp_led_bridge/build/lib/udp_led_bridge
[4.406s] running install
[4.420s] running install_lib
[4.495s] creating /home/rajath/ROS_Workshop/ros2_my_own_ws/install/udp_led_bridge/lib/python3.12/site-packages/udp_led_bridge
[4.495s] copying /home/rajath/ROS_Workshop/ros2_my_own_ws/build/udp_led_bridge/build/lib/udp_led_bridge/__init__.py -> /home/rajath/ROS_Workshop/ros2_my_own_ws/install/udp_led_bridge/lib/python3.12/site-packages/udp_led_bridge
[4.497s] copying /home/rajath/ROS_Workshop/ros2_my_own_ws/build/udp_led_bridge/build/lib/udp_led_bridge/udp_sender_node.py -> /home/rajath/ROS_Workshop/ros2_my_own_ws/install/udp_led_bridge/lib/python3.12/site-packages/udp_led_bridge
[4.498s] byte-compiling /home/rajath/ROS_Workshop/ros2_my_own_ws/install/udp_led_bridge/lib/python3.12/site-packages/udp_led_bridge/__init__.py to __init__.cpython-312.pyc
[4.498s] byte-compiling /home/rajath/ROS_Workshop/ros2_my_own_ws/install/udp_led_bridge/lib/python3.12/site-packages/udp_led_bridge/udp_sender_node.py to udp_sender_node.cpython-312.pyc
[4.499s] running install_data
[4.500s] creating /home/rajath/ROS_Workshop/ros2_my_own_ws/install/udp_led_bridge/share/ament_index
[4.502s] creating /home/rajath/ROS_Workshop/ros2_my_own_ws/install/udp_led_bridge/share/ament_index/resource_index
[4.502s] creating /home/rajath/ROS_Workshop/ros2_my_own_ws/install/udp_led_bridge/share/ament_index/resource_index/packages
[4.502s] copying resource/udp_led_bridge -> /home/rajath/ROS_Workshop/ros2_my_own_ws/install/udp_led_bridge/share/ament_index/resource_index/packages
[4.502s] copying package.xml -> /home/rajath/ROS_Workshop/ros2_my_own_ws/install/udp_led_bridge/share/udp_led_bridge
[4.503s] running install_egg_info
[4.568s] Copying ../../build/udp_led_bridge/udp_led_bridge.egg-info to /home/rajath/ROS_Workshop/ros2_my_own_ws/install/udp_led_bridge/lib/python3.12/site-packages/udp_led_bridge-0.0.0-py3.12.egg-info
[4.573s] running install_scripts
[5.001s] Installing udp_sender_node script to /home/rajath/ROS_Workshop/ros2_my_own_ws/install/udp_led_bridge/lib/udp_led_bridge
[5.004s] writing list of installed files to '/home/rajath/ROS_Workshop/ros2_my_own_ws/build/udp_led_bridge/install.log'
[5.100s] Invoked command in '/home/rajath/ROS_Workshop/ros2_my_own_ws/src/udp_led_bridge' returned '0': DEBUGINFOD_URLS=https://debuginfod.ubuntu.com PYTHONPATH=/home/rajath/ROS_Workshop/ros2_my_own_ws/build/udp_led_bridge/prefix_override:/usr/lib/python3/dist-packages/colcon_core/task/python/colcon_distutils_commands:/home/rajath/ROS_Workshop/ros2_my_own_ws/install/udp_led_bridge/lib/python3.12/site-packages:${PYTHONPATH} /usr/bin/python3 -W ignore:setup.py install is deprecated -W ignore:easy_install command is deprecated setup.py egg_info --egg-base ../../build/udp_led_bridge build --build-base /home/rajath/ROS_Workshop/ros2_my_own_ws/build/udp_led_bridge/build install --record /home/rajath/ROS_Workshop/ros2_my_own_ws/build/udp_led_bridge/install.log --single-version-externally-managed install_data
